2023-06-01 09:50:36 info: tempDirectory:c:\Users\Sungmin\.vscode\extensions\embold-vscode.embold-0.1.5\temp
2023-06-01 09:50:36 info: Extraction complete for source: c:\Users\Sungmin\.vscode\extensions\embold-vscode.embold-0.1.5\resources\embold-scanner-archive.zip, destination: c:\Users\Sungmin\.vscode\extensions\embold-vscode.embold-0.1.5\temp
2023-06-01 09:50:36 info: Congratulations, your extension "Embold" is now active!
2023-06-01 10:01:01 info: file:///d%3A/code/New%20folder%20%282%29/capacity-checker/.git/index.lock
2023-06-01 10:01:01 error: SQLITE_ERROR: no such table: issues
2023-06-01 10:03:25 info: file:///d%3A/code/New%20folder%20%282%29/capacity-checker/.git/refs/remotes/origin/main.lock
2023-06-01 10:03:25 error: SQLITE_ERROR: no such table: issues
2023-06-01 10:06:31 info: file:///d%3A/code/New%20folder%20%282%29/capacity-checker/hello-cdk/README.md
2023-06-01 10:06:31 error: SQLITE_ERROR: no such table: issues
2023-06-01 10:06:46 info: file:///d%3A/code/New%20folder%20%282%29/capacity-checker/.git/index.lock
2023-06-01 10:06:46 error: SQLITE_ERROR: no such table: issues
2023-06-01 10:06:51 info: file:///d%3A/code/New%20folder%20%282%29/capacity-checker/.git/index.lock
2023-06-01 10:06:51 error: SQLITE_ERROR: no such table: issues
2023-06-01 10:07:07 info: file:///d%3A/code/New%20folder%20%282%29/capacity-checker/.git/refs/remotes/origin/main.lock
2023-06-01 10:07:07 error: SQLITE_ERROR: no such table: issues
2023-06-01 10:07:25 info: file:///d%3A/code/New%20folder%20%282%29/capacity-checker/.git/index.lock
2023-06-01 10:07:25 error: SQLITE_ERROR: no such table: issues
2023-06-01 10:08:38 info: file:///d%3A/code/New%20folder%20%282%29/capacity-checker/hello-cdk/README.md
2023-06-01 10:08:38 error: SQLITE_ERROR: no such table: issues
2023-06-01 10:08:53 info: file:///d%3A/code/New%20folder%20%282%29/capacity-checker/.git/MERGE_MSG
2023-06-01 10:08:53 info: file:///d%3A/code/New%20folder%20%282%29/capacity-checker/.git/MERGE_HEAD
2023-06-01 10:08:53 info: file:///d%3A/code/New%20folder%20%282%29/capacity-checker/.git/MERGE_MODE
2023-06-01 10:08:53 info: file:///d%3A/code/New%20folder%20%282%29/capacity-checker/.git/index.lock
2023-06-01 10:08:53 error: SQLITE_ERROR: no such table: issues
2023-06-01 10:08:53 error: SQLITE_ERROR: no such table: issues
2023-06-01 10:08:53 error: SQLITE_ERROR: no such table: issues
2023-06-01 10:08:53 error: SQLITE_ERROR: no such table: issues
2023-06-01 10:09:52 info: file:///d%3A/code/New%20folder%20%282%29/capacity-checker/.git/index.lock
2023-06-01 10:09:52 error: SQLITE_ERROR: no such table: issues
2023-06-01 10:10:00 info: file:///d%3A/code/New%20folder%20%282%29/capacity-checker/.git/index.lock
2023-06-01 10:10:00 error: SQLITE_ERROR: no such table: issues
2023-06-01 10:11:39 info: file:///d%3A/code/New%20folder%20%282%29/capacity-checker/.git/index.lock
2023-06-01 10:11:39 error: SQLITE_ERROR: no such table: issues
2023-06-01 10:11:45 info: file:///d%3A/code/New%20folder%20%282%29/capacity-checker/.git/index.lock
2023-06-01 10:11:45 error: SQLITE_ERROR: no such table: issues
2023-06-01 10:11:50 info: file:///d%3A/code/New%20folder%20%282%29/capacity-checker/.git/refs/heads/main
2023-06-01 10:11:50 info: file:///d%3A/code/New%20folder%20%282%29/capacity-checker/.git/logs/refs/heads/main
2023-06-01 10:11:50 error: SQLITE_ERROR: no such table: issues
2023-06-01 10:11:50 error: SQLITE_ERROR: no such table: issues
2023-06-01 10:11:55 info: file:///d%3A/code/New%20folder%20%282%29/capacity-checker/.git/refs/heads/latest_branch
2023-06-01 10:11:55 info: file:///d%3A/code/New%20folder%20%282%29/capacity-checker/.git/logs/refs/heads/latest_branch
2023-06-01 10:11:55 error: SQLITE_ERROR: no such table: issues
2023-06-01 10:11:55 error: SQLITE_ERROR: no such table: issues
2023-06-01 10:14:02 info: file:///d%3A/code/New%20folder%20%282%29/capacity-checker/.git
2023-06-01 10:14:02 error: SQLITE_ERROR: no such table: issues
2023-06-01 10:14:46 info: file:///d%3A/code/New%20folder%20%282%29/capacity-checker/.git/ta15736
2023-06-01 10:14:46 error: SQLITE_ERROR: no such table: issues
2023-06-01 10:15:36 info: file:///d%3A/code/New%20folder%20%282%29/capacity-checker/.git/index.lock
2023-06-01 10:15:36 error: SQLITE_ERROR: no such table: issues
